<?xml version="1.0" encoding="UTF-8"?>
<!-- Generated by org.testng.reporters.JUnitXMLReporter -->
<testsuite ignored="0" hostname="LAPTOP-U66FBCGM" failures="1" tests="1" name="LoginTest" time="7.067" errors="0" timestamp="2023-05-10T12:07:00 IST">
  <testcase classname="com.e_Bank1.TestCases.TC_LoginTest_002" name="openGoogle" time="0.035">
    <failure type="java.lang.AssertionError" message="expected [true] but found [false]">
      <![CDATA[java.lang.AssertionError: expected [true] but found [false]
at com.e_Bank1.TestCases.TC_LoginTest_002.openGoogle(TC_LoginTest_002.java:23)
at java.base/java.util.ArrayList.forEach(ArrayList.java:1511)
... Removed 29 stack frames]]>
    </failure>
  </testcase> <!-- openGoogle -->
</testsuite> <!-- LoginTest -->
